<?xml version="1.0" encoding="UTF-8"?>
<!-- Generated by org.testng.reporters.JUnitXMLReporter -->
<testsuite ignored="0" hostname="LTIN192376" failures="0" tests="7" name="Test" time="213.802" errors="0" timestamp="2024-02-09T16:56:41 IST">
  <testcase classname="testCases.TC_001_zigwheelsHome" name="NewBikesClick" time="42.673"/>
  <testcase classname="testCases.TC_001_zigwheelsHome" name="bikeModel" time="2.109"/>
  <testcase classname="testCases.TC_002_newHondaBikes" name="viewMoreBikes" time="2.001"/>
  <testcase classname="testCases.TC_002_newHondaBikes" name="detailsOfAllBikes" time="14.763"/>
  <testcase classname="testCases.TC_003_usedCars" name="UsedCars" time="11.289"/>
  <testcase classname="testCases.TC_003_usedCars" name="printAllPopularModel" time="3.686"/>
  <testcase classname="testCases.TC_004_login" name="login" time="10.853"/>
</testsuite> <!-- Test -->
