<?xml version="1.0" encoding="UTF-8"?>
<!-- Generated by org.testng.reporters.JUnitXMLReporter -->
<testsuite ignored="0" hostname="LTIN192376" failures="0" tests="7" name="Test" time="79.276" errors="0" timestamp="2024-02-14T11:03:51 IST">
  <testcase classname="testCases.TC_001_zigwheelsHome" name="NewBikesClick" time="4.943"/>
  <testcase classname="testCases.TC_001_zigwheelsHome" name="bikeModel" time="2.907"/>
  <testcase classname="testCases.TC_002_newHondaBikes" name="viewMoreBikes" time="0.511"/>
  <testcase classname="testCases.TC_002_newHondaBikes" name="detailsOfAllBikes" time="20.747"/>
  <testcase classname="testCases.TC_003_usedCars" name="UsedCars" time="10.414"/>
  <testcase classname="testCases.TC_003_usedCars" name="printAllPopularModel" time="3.886"/>
  <testcase classname="testCases.TC_004_login" name="login" time="7.18"/>
</testsuite> <!-- Test -->
