<?xml version="1.0" encoding="UTF-8"?>
<testsuite xmlns:xsi="http://www.w3.org/2001/XMLSchema-instance" xsi:noNamespaceSchemaLocation="https://maven.apache.org/surefire/maven-surefire-plugin/xsd/surefire-test-report-3.0.xsd" version="3.0" name="TestSuite" time="91.042" tests="7" errors="0" skipped="0" failures="0">
  <properties>
[...]
</properties>
  <testcase name="NewBikesClick" classname="testCases.TC_004_login" time="5.707">
    <system-err><![CDATA[SLF4J: No SLF4J providers were found.
SLF4J: Defaulting to no-operation (NOP) logger implementation
SLF4J: See https://www.slf4j.org/codes.html#noProviders for further details.
Feb 14, 2024 11:02:32 AM org.openqa.selenium.devtools.CdpVersionFinder findNearestMatch
WARNING: Unable to find an exact match for CDP version 121, returning the closest version; found: 119; Please update to a Selenium version that supports CDP version 121
]]></system-err>
  </testcase>
  <testcase name="bikeModel" classname="testCases.TC_004_login" time="3.25"/>
  <testcase name="viewMoreBikes" classname="testCases.TC_004_login" time="1.072"/>
  <testcase name="detailsOfAllBikes" classname="testCases.TC_004_login" time="21.913">
    <system-out><![CDATA[-----------------------------
Honda CRF300L
Rs. 3.30 Lakh
Launch Date : Mar 2024
-----------------------------------
Honda Activa Electric
Rs. 1.10 Lakh
Launch Date : Mar 2024
-----------------------------------
Honda Forza 350
Rs. 3.70 Lakh
Launch Date : Mar 2024
-----------------------------------
Honda CB350 Cruiser
Rs. 2.30 Lakh
Launch Date : Mar 2024
-----------------------------------
Honda Activa 7G
Rs. 79,000
Launch Date : Apr 2024
-----------------------------------
Honda PCX160
Rs. 1.20 Lakh
Launch Date : Jun 2024
-----------------------------------
Honda CBR150R
Rs. 1.70 Lakh
Launch Date : Unrevealed
-----------------------------------
Honda Rebel 300
Rs. 2.30 Lakh
Launch Date : Unrevealed
-----------------------------------
]]></system-out>
  </testcase>
  <testcase name="UsedCars" classname="testCases.TC_004_login" time="10.854">
    <system-out><![CDATA[
]]></system-out>
  </testcase>
  <testcase name="printAllPopularModel" classname="testCases.TC_004_login" time="5.56">
    <system-out><![CDATA[================================
Maruti 800
Maruti Swift Dzire
Maruti Swift
Hyundai I10
Hyundai Santro Xing
Honda City
Toyota Innova
Toyota Fortuner
Mahindra XUV500
]]></system-out>
  </testcase>
  <testcase name="login" classname="testCases.TC_004_login" time="7.335">
    <system-out><![CDATA[
============================
Error Alert: 
Couldn’t find your Google Account
]]></system-out>
  </testcase>
</testsuite>