<?xml version="1.0" encoding="UTF-8"?>
<testng-results ignored="0" total="7" passed="7" failed="0" skipped="0">
  <reporter-output>
  </reporter-output>
  <suite started-at="2024-02-14T11:02:22 IST" name="Suite" finished-at="2024-02-14T11:03:41 IST" duration-ms="79276">
    <groups>
      <group name="regression">
        <method signature="TC_001_zigwheelsHome.NewBikesClick()[pri:1, instance:testCases.TC_004_login@7ec7ffd3]" name="NewBikesClick" class="testCases.TC_001_zigwheelsHome"/>
        <method signature="TC_001_zigwheelsHome.bikeModel()[pri:2, instance:testCases.TC_004_login@7ec7ffd3]" name="bikeModel" class="testCases.TC_001_zigwheelsHome"/>
        <method signature="TC_002_newHondaBikes.viewMoreBikes()[pri:3, instance:testCases.TC_004_login@7ec7ffd3]" name="viewMoreBikes" class="testCases.TC_002_newHondaBikes"/>
        <method signature="TC_002_newHondaBikes.detailsOfAllBikes()[pri:4, instance:testCases.TC_004_login@7ec7ffd3]" name="detailsOfAllBikes" class="testCases.TC_002_newHondaBikes"/>
        <method signature="TC_003_usedCars.UsedCars()[pri:5, instance:testCases.TC_004_login@7ec7ffd3]" name="UsedCars" class="testCases.TC_003_usedCars"/>
        <method signature="TC_003_usedCars.printAllPopularModel()[pri:6, instance:testCases.TC_004_login@7ec7ffd3]" name="printAllPopularModel" class="testCases.TC_003_usedCars"/>
      </group> <!-- regression -->
      <group name="sanity">
        <method signature="TC_004_login.login()[pri:7, instance:testCases.TC_004_login@7ec7ffd3]" name="login" class="testCases.TC_004_login"/>
      </group> <!-- sanity -->
    </groups>
    <test started-at="2024-02-14T11:02:22 IST" name="Test" finished-at="2024-02-14T11:03:41 IST" duration-ms="79276">
      <class name="testCases.TC_004_login">
        <test-method is-config="true" signature="setup(java.lang.String,java.lang.String)[pri:0, instance:testCases.TC_004_login@7ec7ffd3]" started-at="2024-02-14T11:02:22 IST" name="setup" finished-at="2024-02-14T11:02:44 IST" duration-ms="21266" status="PASS">
          <params>
            <param index="0">
              <value>
                <![CDATA[Windows]]>
              </value>
            </param>
            <param index="1">
              <value>
                <![CDATA[edge]]>
              </value>
            </param>
          </params>
          <reporter-output>
          </reporter-output>
        </test-method> <!-- setup -->
        <test-method signature="NewBikesClick()[pri:1, instance:testCases.TC_004_login@7ec7ffd3]" started-at="2024-02-14T11:02:44 IST" name="NewBikesClick" finished-at="2024-02-14T11:02:49 IST" duration-ms="4943" status="PASS">
          <reporter-output>
          </reporter-output>
        </test-method> <!-- NewBikesClick -->
        <test-method signature="bikeModel()[pri:2, instance:testCases.TC_004_login@7ec7ffd3]" started-at="2024-02-14T11:02:49 IST" name="bikeModel" finished-at="2024-02-14T11:02:52 IST" duration-ms="2907" status="PASS">
          <reporter-output>
          </reporter-output>
        </test-method> <!-- bikeModel -->
        <test-method signature="viewMoreBikes()[pri:3, instance:testCases.TC_004_login@7ec7ffd3]" started-at="2024-02-14T11:02:53 IST" name="viewMoreBikes" finished-at="2024-02-14T11:02:53 IST" duration-ms="511" status="PASS">
          <reporter-output>
          </reporter-output>
        </test-method> <!-- viewMoreBikes -->
        <test-method signature="detailsOfAllBikes()[pri:4, instance:testCases.TC_004_login@7ec7ffd3]" started-at="2024-02-14T11:02:54 IST" name="detailsOfAllBikes" finished-at="2024-02-14T11:03:15 IST" duration-ms="20747" status="PASS">
          <reporter-output>
          </reporter-output>
        </test-method> <!-- detailsOfAllBikes -->
        <test-method signature="UsedCars()[pri:5, instance:testCases.TC_004_login@7ec7ffd3]" started-at="2024-02-14T11:03:16 IST" name="UsedCars" finished-at="2024-02-14T11:03:26 IST" duration-ms="10414" status="PASS">
          <reporter-output>
          </reporter-output>
        </test-method> <!-- UsedCars -->
        <test-method signature="printAllPopularModel()[pri:6, instance:testCases.TC_004_login@7ec7ffd3]" started-at="2024-02-14T11:03:27 IST" name="printAllPopularModel" finished-at="2024-02-14T11:03:30 IST" duration-ms="3886" status="PASS">
          <reporter-output>
          </reporter-output>
        </test-method> <!-- printAllPopularModel -->
        <test-method signature="login()[pri:7, instance:testCases.TC_004_login@7ec7ffd3]" started-at="2024-02-14T11:03:32 IST" name="login" finished-at="2024-02-14T11:03:39 IST" duration-ms="7180" status="PASS">
          <reporter-output>
          </reporter-output>
        </test-method> <!-- login -->
        <test-method is-config="true" signature="tearDown()[pri:0, instance:testCases.TC_004_login@7ec7ffd3]" started-at="2024-02-14T11:03:40 IST" name="tearDown" finished-at="2024-02-14T11:03:41 IST" duration-ms="1588" status="PASS">
          <reporter-output>
          </reporter-output>
        </test-method> <!-- tearDown -->
      </class> <!-- testCases.TC_004_login -->
    </test> <!-- Test -->
  </suite> <!-- Suite -->
</testng-results>
