<?xml version="1.0" encoding="UTF-8"?>
<testng-results ignored="0" total="7" passed="7" failed="0" skipped="0">
  <reporter-output>
  </reporter-output>
  <suite started-at="2024-02-14T10:54:37 IST" name="Suite" finished-at="2024-02-14T10:55:48 IST" duration-ms="71182">
    <groups>
      <group name="regression">
        <method signature="TC_001_zigwheelsHome.NewBikesClick()[pri:1, instance:testCases.TC_004_login@45752059]" name="NewBikesClick" class="testCases.TC_001_zigwheelsHome"/>
        <method signature="TC_001_zigwheelsHome.bikeModel()[pri:2, instance:testCases.TC_004_login@45752059]" name="bikeModel" class="testCases.TC_001_zigwheelsHome"/>
        <method signature="TC_002_newHondaBikes.viewMoreBikes()[pri:3, instance:testCases.TC_004_login@45752059]" name="viewMoreBikes" class="testCases.TC_002_newHondaBikes"/>
        <method signature="TC_002_newHondaBikes.detailsOfAllBikes()[pri:4, instance:testCases.TC_004_login@45752059]" name="detailsOfAllBikes" class="testCases.TC_002_newHondaBikes"/>
        <method signature="TC_003_usedCars.UsedCars()[pri:5, instance:testCases.TC_004_login@45752059]" name="UsedCars" class="testCases.TC_003_usedCars"/>
        <method signature="TC_003_usedCars.printAllPopularModel()[pri:6, instance:testCases.TC_004_login@45752059]" name="printAllPopularModel" class="testCases.TC_003_usedCars"/>
      </group> <!-- regression -->
      <group name="sanity">
        <method signature="TC_004_login.login()[pri:7, instance:testCases.TC_004_login@45752059]" name="login" class="testCases.TC_004_login"/>
      </group> <!-- sanity -->
    </groups>
    <test started-at="2024-02-14T10:54:37 IST" name="Test" finished-at="2024-02-14T10:55:48 IST" duration-ms="71182">
      <class name="testCases.TC_004_login">
        <test-method is-config="true" signature="setup(java.lang.String,java.lang.String)[pri:0, instance:testCases.TC_004_login@45752059]" started-at="2024-02-14T10:54:38 IST" name="setup" finished-at="2024-02-14T10:54:52 IST" duration-ms="14247" status="PASS">
          <params>
            <param index="0">
              <value>
                <![CDATA[Windows]]>
              </value>
            </param>
            <param index="1">
              <value>
                <![CDATA[edge]]>
              </value>
            </param>
          </params>
          <reporter-output>
          </reporter-output>
        </test-method> <!-- setup -->
        <test-method signature="NewBikesClick()[pri:1, instance:testCases.TC_004_login@45752059]" started-at="2024-02-14T10:54:52 IST" name="NewBikesClick" finished-at="2024-02-14T10:55:03 IST" duration-ms="10255" status="PASS">
          <reporter-output>
          </reporter-output>
        </test-method> <!-- NewBikesClick -->
        <test-method signature="bikeModel()[pri:2, instance:testCases.TC_004_login@45752059]" started-at="2024-02-14T10:55:03 IST" name="bikeModel" finished-at="2024-02-14T10:55:05 IST" duration-ms="1735" status="PASS">
          <reporter-output>
          </reporter-output>
        </test-method> <!-- bikeModel -->
        <test-method signature="viewMoreBikes()[pri:3, instance:testCases.TC_004_login@45752059]" started-at="2024-02-14T10:55:05 IST" name="viewMoreBikes" finished-at="2024-02-14T10:55:06 IST" duration-ms="535" status="PASS">
          <reporter-output>
          </reporter-output>
        </test-method> <!-- viewMoreBikes -->
        <test-method signature="detailsOfAllBikes()[pri:4, instance:testCases.TC_004_login@45752059]" started-at="2024-02-14T10:55:06 IST" name="detailsOfAllBikes" finished-at="2024-02-14T10:55:27 IST" duration-ms="20617" status="PASS">
          <reporter-output>
          </reporter-output>
        </test-method> <!-- detailsOfAllBikes -->
        <test-method signature="UsedCars()[pri:5, instance:testCases.TC_004_login@45752059]" started-at="2024-02-14T10:55:28 IST" name="UsedCars" finished-at="2024-02-14T10:55:34 IST" duration-ms="5718" status="PASS">
          <reporter-output>
          </reporter-output>
        </test-method> <!-- UsedCars -->
        <test-method signature="printAllPopularModel()[pri:6, instance:testCases.TC_004_login@45752059]" started-at="2024-02-14T10:55:34 IST" name="printAllPopularModel" finished-at="2024-02-14T10:55:39 IST" duration-ms="5116" status="PASS">
          <reporter-output>
          </reporter-output>
        </test-method> <!-- printAllPopularModel -->
        <test-method signature="login()[pri:7, instance:testCases.TC_004_login@45752059]" started-at="2024-02-14T10:55:41 IST" name="login" finished-at="2024-02-14T10:55:47 IST" duration-ms="5851" status="PASS">
          <reporter-output>
          </reporter-output>
        </test-method> <!-- login -->
        <test-method is-config="true" signature="tearDown()[pri:0, instance:testCases.TC_004_login@45752059]" started-at="2024-02-14T10:55:47 IST" name="tearDown" finished-at="2024-02-14T10:55:48 IST" duration-ms="1534" status="PASS">
          <reporter-output>
          </reporter-output>
        </test-method> <!-- tearDown -->
      </class> <!-- testCases.TC_004_login -->
    </test> <!-- Test -->
  </suite> <!-- Suite -->
</testng-results>
