<?xml version="1.0" encoding="UTF-8"?>
<testng-results ignored="0" total="7" passed="7" failed="0" skipped="0">
  <reporter-output>
  </reporter-output>
  <suite started-at="2024-02-09T16:52:53 IST" name="Suite" finished-at="2024-02-09T16:56:27 IST" duration-ms="213802">
    <groups>
    </groups>
    <test started-at="2024-02-09T16:52:53 IST" name="Test" finished-at="2024-02-09T16:56:27 IST" duration-ms="213802">
      <class name="testCases.TC_004_login">
        <test-method is-config="true" signature="setup(java.lang.String,java.lang.String)[pri:0, instance:testCases.TC_004_login@45752059]" started-at="2024-02-09T16:52:54 IST" name="setup" finished-at="2024-02-09T16:54:47 IST" duration-ms="113441" status="PASS">
          <params>
            <param index="0">
              <value>
                <![CDATA[Windows]]>
              </value>
            </param>
            <param index="1">
              <value>
                <![CDATA[chrome]]>
              </value>
            </param>
          </params>
          <reporter-output>
          </reporter-output>
        </test-method> <!-- setup -->
        <test-method signature="NewBikesClick()[pri:1, instance:testCases.TC_004_login@45752059]" started-at="2024-02-09T16:54:48 IST" name="NewBikesClick" finished-at="2024-02-09T16:55:30 IST" duration-ms="42673" status="PASS">
          <reporter-output>
          </reporter-output>
        </test-method> <!-- NewBikesClick -->
        <test-method signature="bikeModel()[pri:2, instance:testCases.TC_004_login@45752059]" started-at="2024-02-09T16:55:31 IST" name="bikeModel" finished-at="2024-02-09T16:55:33 IST" duration-ms="2109" status="PASS">
          <reporter-output>
          </reporter-output>
        </test-method> <!-- bikeModel -->
        <test-method signature="viewMoreBikes()[pri:3, instance:testCases.TC_004_login@45752059]" started-at="2024-02-09T16:55:34 IST" name="viewMoreBikes" finished-at="2024-02-09T16:55:36 IST" duration-ms="2001" status="PASS">
          <reporter-output>
          </reporter-output>
        </test-method> <!-- viewMoreBikes -->
        <test-method signature="detailsOfAllBikes()[pri:4, instance:testCases.TC_004_login@45752059]" started-at="2024-02-09T16:55:37 IST" name="detailsOfAllBikes" finished-at="2024-02-09T16:55:51 IST" duration-ms="14763" status="PASS">
          <reporter-output>
          </reporter-output>
        </test-method> <!-- detailsOfAllBikes -->
        <test-method signature="UsedCars()[pri:5, instance:testCases.TC_004_login@45752059]" started-at="2024-02-09T16:55:53 IST" name="UsedCars" finished-at="2024-02-09T16:56:04 IST" duration-ms="11289" status="PASS">
          <reporter-output>
          </reporter-output>
        </test-method> <!-- UsedCars -->
        <test-method signature="printAllPopularModel()[pri:6, instance:testCases.TC_004_login@45752059]" started-at="2024-02-09T16:56:05 IST" name="printAllPopularModel" finished-at="2024-02-09T16:56:08 IST" duration-ms="3686" status="PASS">
          <reporter-output>
          </reporter-output>
        </test-method> <!-- printAllPopularModel -->
        <test-method signature="login()[pri:7, instance:testCases.TC_004_login@45752059]" started-at="2024-02-09T16:56:11 IST" name="login" finished-at="2024-02-09T16:56:21 IST" duration-ms="10853" status="PASS">
          <reporter-output>
          </reporter-output>
        </test-method> <!-- login -->
        <test-method is-config="true" signature="tearDown()[pri:0, instance:testCases.TC_004_login@45752059]" started-at="2024-02-09T16:56:22 IST" name="tearDown" finished-at="2024-02-09T16:56:27 IST" duration-ms="4931" status="PASS">
          <reporter-output>
          </reporter-output>
        </test-method> <!-- tearDown -->
      </class> <!-- testCases.TC_004_login -->
    </test> <!-- Test -->
  </suite> <!-- Suite -->
</testng-results>
